<?xml version="1.0" encoding="UTF-8"?>
<coverage generated="1421975872">
  <project timestamp="1421975872">
    <file name="/Users/ryan/Documents/door-lock/api-client/src/root/apiClient.php">
      <class name="apiClient" namespace="global">
        <metrics methods="9" coveredmethods="2" conditionals="0" coveredconditionals="0" statements="21" coveredstatements="12" elements="30" coveredelements="14"/>
      </class>
      <line num="8" type="method" name="__construct" crap="1" count="1"/>
      <line num="9" type="stmt" count="1"/>
      <line num="10" type="stmt" count="1"/>
      <line num="11" type="stmt" count="1"/>
      <line num="12" type="stmt" count="1"/>
      <line num="14" type="stmt" count="1"/>
      <line num="16" type="method" name="setUpRequest" crap="2" count="0"/>
      <line num="17" type="stmt" count="0"/>
      <line num="18" type="stmt" count="0"/>
      <line num="19" type="stmt" count="0"/>
      <line num="21" type="method" name="login" crap="1" count="1"/>
      <line num="24" type="stmt" count="1"/>
      <line num="27" type="stmt" count="1"/>
      <line num="28" type="stmt" count="1"/>
      <line num="31" type="stmt" count="1"/>
      <line num="35" type="stmt" count="1"/>
      <line num="38" type="stmt" count="1"/>
      <line num="39" type="stmt" count="1"/>
      <line num="42" type="method" name="logout" crap="2" count="0"/>
      <line num="44" type="stmt" count="0"/>
      <line num="46" type="method" name="changePassword" crap="2" count="0"/>
      <line num="48" type="stmt" count="0"/>
      <line num="50" type="method" name="forgotPassword" crap="2" count="0"/>
      <line num="52" type="stmt" count="0"/>
      <line num="54" type="method" name="lockStatus" crap="2" count="0"/>
      <line num="56" type="stmt" count="0"/>
      <line num="58" type="method" name="lock" crap="2" count="0"/>
      <line num="60" type="stmt" count="0"/>
      <line num="62" type="method" name="unlock" crap="2" count="0"/>
      <line num="64" type="stmt" count="0"/>
      <metrics loc="67" ncloc="51" classes="1" methods="9" coveredmethods="2" conditionals="0" coveredconditionals="0" statements="21" coveredstatements="12" elements="30" coveredelements="14"/>
    </file>
    <metrics files="1" loc="67" ncloc="51" classes="1" methods="9" coveredmethods="2" conditionals="0" coveredconditionals="0" statements="21" coveredstatements="12" elements="30" coveredelements="14"/>
  </project>
</coverage>
